Wed Mar 16 17:35:21 PDT 2016  [debug] AvalonLogSystem initialized using logfile 'velocity.log'
Wed Mar 16 17:35:21 PDT 2016   [info] ************************************************************** 
Wed Mar 16 17:35:21 PDT 2016   [info] Starting Jakarta Velocity v1.4
Wed Mar 16 17:35:21 PDT 2016   [info] RuntimeInstance initializing.
Wed Mar 16 17:35:21 PDT 2016   [info] Default Properties File: org/apache/velocity/runtime/defaults/velocity.properties
Wed Mar 16 17:35:21 PDT 2016   [info] Trying to use logger class org.apache.velocity.runtime.log.AvalonLogSystem
Wed Mar 16 17:35:21 PDT 2016   [info] Using logger class org.apache.velocity.runtime.log.AvalonLogSystem
Wed Mar 16 17:35:21 PDT 2016   [info] Default ResourceManager initializing. (class org.apache.velocity.runtime.resource.ResourceManagerImpl)
Wed Mar 16 17:35:21 PDT 2016   [info] Resource Loader Instantiated: org.apache.velocity.runtime.resource.loader.ClasspathResourceLoader
Wed Mar 16 17:35:21 PDT 2016   [info] ClasspathResourceLoader : initialization starting.
Wed Mar 16 17:35:21 PDT 2016   [info] ClasspathResourceLoader : initialization complete.
Wed Mar 16 17:35:21 PDT 2016   [info] Resource Loader Instantiated: org.apache.velocity.tools.view.servlet.WebappLoader
Wed Mar 16 17:35:21 PDT 2016   [info] WebappLoader : initialization starting.
Wed Mar 16 17:35:21 PDT 2016   [info] WebappLoader : initialization complete.
Wed Mar 16 17:35:21 PDT 2016   [info] ResourceCache : initialized. (class org.apache.velocity.runtime.resource.ResourceCacheImpl)
Wed Mar 16 17:35:21 PDT 2016   [info] Default ResourceManager initialization complete.
Wed Mar 16 17:35:21 PDT 2016   [info] Loaded System Directive: org.apache.velocity.runtime.directive.Literal
Wed Mar 16 17:35:21 PDT 2016   [info] Loaded System Directive: org.apache.velocity.runtime.directive.Macro
Wed Mar 16 17:35:21 PDT 2016   [info] Loaded System Directive: org.apache.velocity.runtime.directive.Parse
Wed Mar 16 17:35:21 PDT 2016   [info] Loaded System Directive: org.apache.velocity.runtime.directive.Include
Wed Mar 16 17:35:21 PDT 2016   [info] Loaded System Directive: org.apache.velocity.runtime.directive.Foreach
Wed Mar 16 17:35:21 PDT 2016   [info] Loaded User Directive: net.sf.navigator.displayer.LocalDirective
Wed Mar 16 17:35:21 PDT 2016   [info] Created: 20 parsers.
Wed Mar 16 17:35:21 PDT 2016   [info] Velocimacro : initialization starting.
Wed Mar 16 17:35:21 PDT 2016   [info] Velocimacro : adding VMs from VM library template : net/sf/navigator/displayer/globalMacros.vm
Wed Mar 16 17:35:21 PDT 2016   [info] Velocimacro : added new VM : #eval( _macro ) : source = net/sf/navigator/displayer/globalMacros.vm
Wed Mar 16 17:35:21 PDT 2016   [info] Velocimacro : added new VM : #displayMenu( menu level ) : source = net/sf/navigator/displayer/globalMacros.vm
Wed Mar 16 17:35:21 PDT 2016   [info] ResourceManager : found net/sf/navigator/displayer/globalMacros.vm with loader org.apache.velocity.runtime.resource.loader.ClasspathResourceLoader
Wed Mar 16 17:35:21 PDT 2016   [info] Velocimacro :  VM library template macro registration complete.
Wed Mar 16 17:35:21 PDT 2016   [info] Velocimacro : adding VMs from VM library template : menuMacros.vm
Wed Mar 16 17:35:21 PDT 2016  [error] ResourceManager : unable to find resource 'menuMacros.vm' in any resource loader.
Wed Mar 16 17:35:21 PDT 2016   [info] Velocimacro : error using  VM library template menuMacros.vm : org.apache.velocity.exception.ResourceNotFoundException: Unable to find resource 'menuMacros.vm'
Wed Mar 16 17:35:21 PDT 2016   [info] Velocimacro :  VM library template macro registration complete.
Wed Mar 16 17:35:21 PDT 2016   [info] Velocimacro : allowInline = true : VMs can be defined inline in templates
Wed Mar 16 17:35:21 PDT 2016   [info] Velocimacro : allowInlineToOverride = true : VMs defined inline may replace previous VM definitions
Wed Mar 16 17:35:21 PDT 2016   [info] Velocimacro : allowInlineLocal = false : VMs defined inline will be  global in scope if allowed.
Wed Mar 16 17:35:21 PDT 2016   [info] Velocimacro : messages on  : VM system will output logging messages
Wed Mar 16 17:35:21 PDT 2016   [info] Velocimacro : autoload on  : VM system will automatically reload global library macros
Wed Mar 16 17:35:21 PDT 2016   [info] Velocimacro : initialization complete.
Wed Mar 16 17:35:21 PDT 2016   [info] Velocity successfully started.
Wed Mar 16 17:35:33 PDT 2016   [info] Velocimacro : added new VM : #displayCssMenu( menu ) : source = cssHorizontalMenu.vm
Wed Mar 16 17:35:33 PDT 2016  [error] VM #displayCssMenu: error : too few arguments to macro. Wanted 1 got 0
Wed Mar 16 17:35:33 PDT 2016   [info] ResourceManager : found cssHorizontalMenu.vm with loader org.apache.velocity.runtime.resource.loader.ClasspathResourceLoader
Wed Mar 16 17:35:33 PDT 2016  [error] Left side ($count) of addition operation has null value. Operation not possible. cssHorizontalMenu.vm [line 2, column 28]
Wed Mar 16 17:35:33 PDT 2016  [error] RHS of #set statement is null. Context will not be modified. cssHorizontalMenu.vm [line 2, column 1]
Wed Mar 16 17:35:33 PDT 2016  [error] Left side ($count) of '==' operation has null value. If a reference, it may not be in the context. Operation not possible. cssHorizontalMenu.vm [line 9, column 23]
Wed Mar 16 17:35:33 PDT 2016  [error] Right side ($currentMenu) of '==' operation has null value. If a reference, it may not be in the context. Operation not possible. cssHorizontalMenu.vm [line 14, column 27]
Wed Mar 16 17:35:33 PDT 2016  [error] Left side ($count) of '==' operation has null value. If a reference, it may not be in the context. Operation not possible. cssHorizontalMenu.vm [line 55, column 21]
Wed Mar 16 17:35:33 PDT 2016  [error] Left side ($count) of addition operation has null value. Operation not possible. cssHorizontalMenu.vm [line 2, column 28]
Wed Mar 16 17:35:33 PDT 2016  [error] RHS of #set statement is null. Context will not be modified. cssHorizontalMenu.vm [line 2, column 1]
Wed Mar 16 17:35:33 PDT 2016  [error] Left side ($count) of '==' operation has null value. If a reference, it may not be in the context. Operation not possible. cssHorizontalMenu.vm [line 9, column 23]
Wed Mar 16 17:35:33 PDT 2016  [error] Right side ($currentMenu) of '==' operation has null value. If a reference, it may not be in the context. Operation not possible. cssHorizontalMenu.vm [line 14, column 27]
Wed Mar 16 17:35:33 PDT 2016  [error] Left side ($count) of '==' operation has null value. If a reference, it may not be in the context. Operation not possible. cssHorizontalMenu.vm [line 55, column 21]
Wed Mar 16 17:35:33 PDT 2016  [error] Left side ($count) of addition operation has null value. Operation not possible. cssHorizontalMenu.vm [line 2, column 28]
Wed Mar 16 17:35:33 PDT 2016  [error] RHS of #set statement is null. Context will not be modified. cssHorizontalMenu.vm [line 2, column 1]
Wed Mar 16 17:35:33 PDT 2016  [error] Left side ($count) of '==' operation has null value. If a reference, it may not be in the context. Operation not possible. cssHorizontalMenu.vm [line 9, column 23]
Wed Mar 16 17:35:33 PDT 2016  [error] Right side ($currentMenu) of '==' operation has null value. If a reference, it may not be in the context. Operation not possible. cssHorizontalMenu.vm [line 14, column 27]
Wed Mar 16 17:35:33 PDT 2016  [error] Left side ($count) of '==' operation has null value. If a reference, it may not be in the context. Operation not possible. cssHorizontalMenu.vm [line 55, column 21]
Wed Mar 16 17:35:33 PDT 2016  [error] Left side ($count) of addition operation has null value. Operation not possible. cssHorizontalMenu.vm [line 2, column 28]
Wed Mar 16 17:35:33 PDT 2016  [error] RHS of #set statement is null. Context will not be modified. cssHorizontalMenu.vm [line 2, column 1]
Wed Mar 16 17:35:33 PDT 2016  [error] Left side ($count) of '==' operation has null value. If a reference, it may not be in the context. Operation not possible. cssHorizontalMenu.vm [line 9, column 23]
Wed Mar 16 17:35:33 PDT 2016  [error] Right side ($currentMenu) of '==' operation has null value. If a reference, it may not be in the context. Operation not possible. cssHorizontalMenu.vm [line 14, column 27]
Wed Mar 16 17:35:33 PDT 2016  [error] Left side ($count) of '==' operation has null value. If a reference, it may not be in the context. Operation not possible. cssHorizontalMenu.vm [line 55, column 21]
Wed Mar 16 17:35:33 PDT 2016  [error] Left side ($count) of addition operation has null value. Operation not possible. cssHorizontalMenu.vm [line 2, column 28]
Wed Mar 16 17:35:33 PDT 2016  [error] RHS of #set statement is null. Context will not be modified. cssHorizontalMenu.vm [line 2, column 1]
Wed Mar 16 17:35:33 PDT 2016  [error] Left side ($count) of '==' operation has null value. If a reference, it may not be in the context. Operation not possible. cssHorizontalMenu.vm [line 9, column 23]
Wed Mar 16 17:35:33 PDT 2016  [error] Right side ($currentMenu) of '==' operation has null value. If a reference, it may not be in the context. Operation not possible. cssHorizontalMenu.vm [line 14, column 27]
Wed Mar 16 17:35:33 PDT 2016  [error] Left side ($count) of '==' operation has null value. If a reference, it may not be in the context. Operation not possible. cssHorizontalMenu.vm [line 55, column 21]
Wed Mar 16 17:35:33 PDT 2016  [error] Left side ($count) of addition operation has null value. Operation not possible. cssHorizontalMenu.vm [line 2, column 28]
Wed Mar 16 17:35:33 PDT 2016  [error] RHS of #set statement is null. Context will not be modified. cssHorizontalMenu.vm [line 2, column 1]
Wed Mar 16 17:35:33 PDT 2016  [error] Left side ($count) of '==' operation has null value. If a reference, it may not be in the context. Operation not possible. cssHorizontalMenu.vm [line 9, column 23]
Wed Mar 16 17:35:33 PDT 2016  [error] Right side ($currentMenu) of '==' operation has null value. If a reference, it may not be in the context. Operation not possible. cssHorizontalMenu.vm [line 14, column 27]
Wed Mar 16 17:35:33 PDT 2016  [error] Left side ($count) of '==' operation has null value. If a reference, it may not be in the context. Operation not possible. cssHorizontalMenu.vm [line 55, column 21]
Wed Mar 16 17:35:33 PDT 2016  [error] Left side ($count) of addition operation has null value. Operation not possible. cssHorizontalMenu.vm [line 2, column 28]
Wed Mar 16 17:35:33 PDT 2016  [error] RHS of #set statement is null. Context will not be modified. cssHorizontalMenu.vm [line 2, column 1]
Wed Mar 16 17:35:33 PDT 2016  [error] Left side ($count) of '==' operation has null value. If a reference, it may not be in the context. Operation not possible. cssHorizontalMenu.vm [line 9, column 23]
Wed Mar 16 17:35:33 PDT 2016  [error] Right side ($currentMenu) of '==' operation has null value. If a reference, it may not be in the context. Operation not possible. cssHorizontalMenu.vm [line 14, column 27]
Wed Mar 16 17:35:33 PDT 2016  [error] Left side ($count) of '==' operation has null value. If a reference, it may not be in the context. Operation not possible. cssHorizontalMenu.vm [line 55, column 21]
Wed Mar 16 17:35:33 PDT 2016  [error] Left side ($count) of addition operation has null value. Operation not possible. cssHorizontalMenu.vm [line 2, column 28]
Wed Mar 16 17:35:33 PDT 2016  [error] RHS of #set statement is null. Context will not be modified. cssHorizontalMenu.vm [line 2, column 1]
Wed Mar 16 17:35:33 PDT 2016  [error] Left side ($count) of '==' operation has null value. If a reference, it may not be in the context. Operation not possible. cssHorizontalMenu.vm [line 9, column 23]
Wed Mar 16 17:35:33 PDT 2016  [error] Right side ($currentMenu) of '==' operation has null value. If a reference, it may not be in the context. Operation not possible. cssHorizontalMenu.vm [line 14, column 27]
Wed Mar 16 17:35:33 PDT 2016  [error] Left side ($count) of '==' operation has null value. If a reference, it may not be in the context. Operation not possible. cssHorizontalMenu.vm [line 55, column 21]
Wed Mar 16 17:35:33 PDT 2016  [error] Left side ($count) of addition operation has null value. Operation not possible. cssHorizontalMenu.vm [line 2, column 28]
Wed Mar 16 17:35:33 PDT 2016  [error] RHS of #set statement is null. Context will not be modified. cssHorizontalMenu.vm [line 2, column 1]
Wed Mar 16 17:35:33 PDT 2016  [error] Left side ($count) of '==' operation has null value. If a reference, it may not be in the context. Operation not possible. cssHorizontalMenu.vm [line 9, column 23]
Wed Mar 16 17:35:33 PDT 2016  [error] Right side ($currentMenu) of '==' operation has null value. If a reference, it may not be in the context. Operation not possible. cssHorizontalMenu.vm [line 14, column 27]
Wed Mar 16 17:35:33 PDT 2016  [error] Left side ($count) of '==' operation has null value. If a reference, it may not be in the context. Operation not possible. cssHorizontalMenu.vm [line 55, column 21]
Wed Mar 16 17:35:33 PDT 2016  [error] Left side ($count) of addition operation has null value. Operation not possible. cssHorizontalMenu.vm [line 2, column 28]
Wed Mar 16 17:35:33 PDT 2016  [error] RHS of #set statement is null. Context will not be modified. cssHorizontalMenu.vm [line 2, column 1]
Wed Mar 16 17:35:33 PDT 2016  [error] Left side ($count) of '==' operation has null value. If a reference, it may not be in the context. Operation not possible. cssHorizontalMenu.vm [line 9, column 23]
Wed Mar 16 17:35:33 PDT 2016  [error] Right side ($currentMenu) of '==' operation has null value. If a reference, it may not be in the context. Operation not possible. cssHorizontalMenu.vm [line 14, column 27]
Wed Mar 16 17:35:33 PDT 2016  [error] Left side ($count) of '==' operation has null value. If a reference, it may not be in the context. Operation not possible. cssHorizontalMenu.vm [line 55, column 21]
Wed Mar 16 17:35:33 PDT 2016  [error] Left side ($count) of addition operation has null value. Operation not possible. cssHorizontalMenu.vm [line 2, column 28]
Wed Mar 16 17:35:33 PDT 2016  [error] RHS of #set statement is null. Context will not be modified. cssHorizontalMenu.vm [line 2, column 1]
Wed Mar 16 17:35:33 PDT 2016  [error] Left side ($count) of '==' operation has null value. If a reference, it may not be in the context. Operation not possible. cssHorizontalMenu.vm [line 9, column 23]
Wed Mar 16 17:35:33 PDT 2016  [error] Right side ($currentMenu) of '==' operation has null value. If a reference, it may not be in the context. Operation not possible. cssHorizontalMenu.vm [line 14, column 27]
Wed Mar 16 17:35:33 PDT 2016  [error] Left side ($count) of '==' operation has null value. If a reference, it may not be in the context. Operation not possible. cssHorizontalMenu.vm [line 55, column 21]
Wed Mar 16 17:35:33 PDT 2016  [error] Left side ($count) of addition operation has null value. Operation not possible. cssHorizontalMenu.vm [line 2, column 28]
Wed Mar 16 17:35:33 PDT 2016  [error] RHS of #set statement is null. Context will not be modified. cssHorizontalMenu.vm [line 2, column 1]
Wed Mar 16 17:35:33 PDT 2016  [error] Left side ($count) of '==' operation has null value. If a reference, it may not be in the context. Operation not possible. cssHorizontalMenu.vm [line 9, column 23]
Wed Mar 16 17:35:33 PDT 2016  [error] Right side ($currentMenu) of '==' operation has null value. If a reference, it may not be in the context. Operation not possible. cssHorizontalMenu.vm [line 14, column 27]
Wed Mar 16 17:35:33 PDT 2016  [error] Left side ($count) of '==' operation has null value. If a reference, it may not be in the context. Operation not possible. cssHorizontalMenu.vm [line 55, column 21]
Wed Mar 16 17:35:33 PDT 2016  [error] Left side ($count) of addition operation has null value. Operation not possible. cssHorizontalMenu.vm [line 2, column 28]
Wed Mar 16 17:35:33 PDT 2016  [error] RHS of #set statement is null. Context will not be modified. cssHorizontalMenu.vm [line 2, column 1]
Wed Mar 16 17:35:33 PDT 2016  [error] Left side ($count) of '==' operation has null value. If a reference, it may not be in the context. Operation not possible. cssHorizontalMenu.vm [line 9, column 23]
Wed Mar 16 17:35:33 PDT 2016  [error] Right side ($currentMenu) of '==' operation has null value. If a reference, it may not be in the context. Operation not possible. cssHorizontalMenu.vm [line 14, column 27]
Wed Mar 16 17:35:33 PDT 2016  [error] Left side ($count) of '==' operation has null value. If a reference, it may not be in the context. Operation not possible. cssHorizontalMenu.vm [line 55, column 21]
Wed Mar 16 17:35:33 PDT 2016  [error] Left side ($count) of addition operation has null value. Operation not possible. cssHorizontalMenu.vm [line 2, column 28]
Wed Mar 16 17:35:33 PDT 2016  [error] RHS of #set statement is null. Context will not be modified. cssHorizontalMenu.vm [line 2, column 1]
Wed Mar 16 17:35:33 PDT 2016  [error] Left side ($count) of '==' operation has null value. If a reference, it may not be in the context. Operation not possible. cssHorizontalMenu.vm [line 9, column 23]
Wed Mar 16 17:35:33 PDT 2016  [error] Right side ($currentMenu) of '==' operation has null value. If a reference, it may not be in the context. Operation not possible. cssHorizontalMenu.vm [line 14, column 27]
Wed Mar 16 17:35:33 PDT 2016  [error] Left side ($count) of '==' operation has null value. If a reference, it may not be in the context. Operation not possible. cssHorizontalMenu.vm [line 55, column 21]
Wed Mar 16 17:35:33 PDT 2016  [error] Left side ($count) of addition operation has null value. Operation not possible. cssHorizontalMenu.vm [line 2, column 28]
Wed Mar 16 17:35:33 PDT 2016  [error] RHS of #set statement is null. Context will not be modified. cssHorizontalMenu.vm [line 2, column 1]
Wed Mar 16 17:35:33 PDT 2016  [error] Left side ($count) of '==' operation has null value. If a reference, it may not be in the context. Operation not possible. cssHorizontalMenu.vm [line 9, column 23]
Wed Mar 16 17:35:33 PDT 2016  [error] Right side ($currentMenu) of '==' operation has null value. If a reference, it may not be in the context. Operation not possible. cssHorizontalMenu.vm [line 14, column 27]
Wed Mar 16 17:35:33 PDT 2016  [error] Left side ($count) of '==' operation has null value. If a reference, it may not be in the context. Operation not possible. cssHorizontalMenu.vm [line 55, column 21]
Wed Mar 16 17:35:33 PDT 2016  [error] Left side ($count) of addition operation has null value. Operation not possible. cssHorizontalMenu.vm [line 2, column 28]
Wed Mar 16 17:35:33 PDT 2016  [error] RHS of #set statement is null. Context will not be modified. cssHorizontalMenu.vm [line 2, column 1]
Wed Mar 16 17:35:33 PDT 2016  [error] Left side ($count) of '==' operation has null value. If a reference, it may not be in the context. Operation not possible. cssHorizontalMenu.vm [line 9, column 23]
Wed Mar 16 17:35:33 PDT 2016  [error] Right side ($currentMenu) of '==' operation has null value. If a reference, it may not be in the context. Operation not possible. cssHorizontalMenu.vm [line 14, column 27]
Wed Mar 16 17:35:33 PDT 2016  [error] Left side ($count) of '==' operation has null value. If a reference, it may not be in the context. Operation not possible. cssHorizontalMenu.vm [line 55, column 21]
Thu Mar 17 11:41:38 PDT 2016  [error] Left side ($count) of addition operation has null value. Operation not possible. cssHorizontalMenu.vm [line 2, column 28]
Thu Mar 17 11:41:38 PDT 2016  [error] RHS of #set statement is null. Context will not be modified. cssHorizontalMenu.vm [line 2, column 1]
Thu Mar 17 11:41:38 PDT 2016  [error] Left side ($count) of '==' operation has null value. If a reference, it may not be in the context. Operation not possible. cssHorizontalMenu.vm [line 9, column 23]
Thu Mar 17 11:41:38 PDT 2016  [error] Right side ($currentMenu) of '==' operation has null value. If a reference, it may not be in the context. Operation not possible. cssHorizontalMenu.vm [line 14, column 27]
Thu Mar 17 11:41:38 PDT 2016  [error] Left side ($count) of '==' operation has null value. If a reference, it may not be in the context. Operation not possible. cssHorizontalMenu.vm [line 55, column 21]
Thu Mar 17 11:41:38 PDT 2016  [error] Left side ($count) of addition operation has null value. Operation not possible. cssHorizontalMenu.vm [line 2, column 28]
Thu Mar 17 11:41:38 PDT 2016  [error] RHS of #set statement is null. Context will not be modified. cssHorizontalMenu.vm [line 2, column 1]
Thu Mar 17 11:41:38 PDT 2016  [error] Left side ($count) of '==' operation has null value. If a reference, it may not be in the context. Operation not possible. cssHorizontalMenu.vm [line 9, column 23]
Thu Mar 17 11:41:38 PDT 2016  [error] Right side ($currentMenu) of '==' operation has null value. If a reference, it may not be in the context. Operation not possible. cssHorizontalMenu.vm [line 14, column 27]
Thu Mar 17 11:41:38 PDT 2016  [error] Left side ($count) of '==' operation has null value. If a reference, it may not be in the context. Operation not possible. cssHorizontalMenu.vm [line 55, column 21]
Thu Mar 17 11:41:38 PDT 2016  [error] Left side ($count) of addition operation has null value. Operation not possible. cssHorizontalMenu.vm [line 2, column 28]
Thu Mar 17 11:41:38 PDT 2016  [error] RHS of #set statement is null. Context will not be modified. cssHorizontalMenu.vm [line 2, column 1]
Thu Mar 17 11:41:38 PDT 2016  [error] Left side ($count) of '==' operation has null value. If a reference, it may not be in the context. Operation not possible. cssHorizontalMenu.vm [line 9, column 23]
Thu Mar 17 11:41:38 PDT 2016  [error] Right side ($currentMenu) of '==' operation has null value. If a reference, it may not be in the context. Operation not possible. cssHorizontalMenu.vm [line 14, column 27]
Thu Mar 17 11:41:38 PDT 2016  [error] Left side ($count) of '==' operation has null value. If a reference, it may not be in the context. Operation not possible. cssHorizontalMenu.vm [line 55, column 21]
Thu Mar 17 11:41:38 PDT 2016  [error] Left side ($count) of addition operation has null value. Operation not possible. cssHorizontalMenu.vm [line 2, column 28]
Thu Mar 17 11:41:38 PDT 2016  [error] RHS of #set statement is null. Context will not be modified. cssHorizontalMenu.vm [line 2, column 1]
Thu Mar 17 11:41:38 PDT 2016  [error] Left side ($count) of '==' operation has null value. If a reference, it may not be in the context. Operation not possible. cssHorizontalMenu.vm [line 9, column 23]
Thu Mar 17 11:41:38 PDT 2016  [error] Right side ($currentMenu) of '==' operation has null value. If a reference, it may not be in the context. Operation not possible. cssHorizontalMenu.vm [line 14, column 27]
Thu Mar 17 11:41:38 PDT 2016  [error] Left side ($count) of '==' operation has null value. If a reference, it may not be in the context. Operation not possible. cssHorizontalMenu.vm [line 55, column 21]
Thu Mar 17 11:41:38 PDT 2016  [error] Left side ($count) of addition operation has null value. Operation not possible. cssHorizontalMenu.vm [line 2, column 28]
Thu Mar 17 11:41:38 PDT 2016  [error] RHS of #set statement is null. Context will not be modified. cssHorizontalMenu.vm [line 2, column 1]
Thu Mar 17 11:41:38 PDT 2016  [error] Left side ($count) of '==' operation has null value. If a reference, it may not be in the context. Operation not possible. cssHorizontalMenu.vm [line 9, column 23]
Thu Mar 17 11:41:38 PDT 2016  [error] Right side ($currentMenu) of '==' operation has null value. If a reference, it may not be in the context. Operation not possible. cssHorizontalMenu.vm [line 14, column 27]
Thu Mar 17 11:41:38 PDT 2016  [error] Left side ($count) of '==' operation has null value. If a reference, it may not be in the context. Operation not possible. cssHorizontalMenu.vm [line 55, column 21]
Thu Mar 17 11:41:38 PDT 2016  [error] Left side ($count) of addition operation has null value. Operation not possible. cssHorizontalMenu.vm [line 2, column 28]
Thu Mar 17 11:41:38 PDT 2016  [error] RHS of #set statement is null. Context will not be modified. cssHorizontalMenu.vm [line 2, column 1]
Thu Mar 17 11:41:38 PDT 2016  [error] Left side ($count) of '==' operation has null value. If a reference, it may not be in the context. Operation not possible. cssHorizontalMenu.vm [line 9, column 23]
Thu Mar 17 11:41:38 PDT 2016  [error] Right side ($currentMenu) of '==' operation has null value. If a reference, it may not be in the context. Operation not possible. cssHorizontalMenu.vm [line 14, column 27]
Thu Mar 17 11:41:38 PDT 2016  [error] Left side ($count) of '==' operation has null value. If a reference, it may not be in the context. Operation not possible. cssHorizontalMenu.vm [line 55, column 21]
Thu Mar 17 11:41:38 PDT 2016  [error] Left side ($count) of addition operation has null value. Operation not possible. cssHorizontalMenu.vm [line 2, column 28]
Thu Mar 17 11:41:38 PDT 2016  [error] RHS of #set statement is null. Context will not be modified. cssHorizontalMenu.vm [line 2, column 1]
Thu Mar 17 11:41:38 PDT 2016  [error] Left side ($count) of '==' operation has null value. If a reference, it may not be in the context. Operation not possible. cssHorizontalMenu.vm [line 9, column 23]
Thu Mar 17 11:41:38 PDT 2016  [error] Right side ($currentMenu) of '==' operation has null value. If a reference, it may not be in the context. Operation not possible. cssHorizontalMenu.vm [line 14, column 27]
Thu Mar 17 11:41:38 PDT 2016  [error] Left side ($count) of '==' operation has null value. If a reference, it may not be in the context. Operation not possible. cssHorizontalMenu.vm [line 55, column 21]
Thu Mar 17 11:41:38 PDT 2016  [error] Left side ($count) of addition operation has null value. Operation not possible. cssHorizontalMenu.vm [line 2, column 28]
Thu Mar 17 11:41:38 PDT 2016  [error] RHS of #set statement is null. Context will not be modified. cssHorizontalMenu.vm [line 2, column 1]
Thu Mar 17 11:41:38 PDT 2016  [error] Left side ($count) of '==' operation has null value. If a reference, it may not be in the context. Operation not possible. cssHorizontalMenu.vm [line 9, column 23]
Thu Mar 17 11:41:38 PDT 2016  [error] Right side ($currentMenu) of '==' operation has null value. If a reference, it may not be in the context. Operation not possible. cssHorizontalMenu.vm [line 14, column 27]
Thu Mar 17 11:41:38 PDT 2016  [error] Left side ($count) of '==' operation has null value. If a reference, it may not be in the context. Operation not possible. cssHorizontalMenu.vm [line 55, column 21]
Thu Mar 17 11:41:40 PDT 2016  [error] Left side ($count) of addition operation has null value. Operation not possible. cssHorizontalMenu.vm [line 2, column 28]
Thu Mar 17 11:41:40 PDT 2016  [error] RHS of #set statement is null. Context will not be modified. cssHorizontalMenu.vm [line 2, column 1]
Thu Mar 17 11:41:40 PDT 2016  [error] Left side ($count) of '==' operation has null value. If a reference, it may not be in the context. Operation not possible. cssHorizontalMenu.vm [line 9, column 23]
Thu Mar 17 11:41:40 PDT 2016  [error] Right side ($currentMenu) of '==' operation has null value. If a reference, it may not be in the context. Operation not possible. cssHorizontalMenu.vm [line 14, column 27]
Thu Mar 17 11:41:40 PDT 2016  [error] Left side ($count) of '==' operation has null value. If a reference, it may not be in the context. Operation not possible. cssHorizontalMenu.vm [line 55, column 21]
Thu Mar 17 11:41:40 PDT 2016  [error] Left side ($count) of addition operation has null value. Operation not possible. cssHorizontalMenu.vm [line 2, column 28]
Thu Mar 17 11:41:40 PDT 2016  [error] RHS of #set statement is null. Context will not be modified. cssHorizontalMenu.vm [line 2, column 1]
Thu Mar 17 11:41:40 PDT 2016  [error] Left side ($count) of '==' operation has null value. If a reference, it may not be in the context. Operation not possible. cssHorizontalMenu.vm [line 9, column 23]
Thu Mar 17 11:41:40 PDT 2016  [error] Right side ($currentMenu) of '==' operation has null value. If a reference, it may not be in the context. Operation not possible. cssHorizontalMenu.vm [line 14, column 27]
Thu Mar 17 11:41:40 PDT 2016  [error] Left side ($count) of '==' operation has null value. If a reference, it may not be in the context. Operation not possible. cssHorizontalMenu.vm [line 55, column 21]
Thu Mar 17 11:41:40 PDT 2016  [error] Left side ($count) of addition operation has null value. Operation not possible. cssHorizontalMenu.vm [line 2, column 28]
Thu Mar 17 11:41:40 PDT 2016  [error] RHS of #set statement is null. Context will not be modified. cssHorizontalMenu.vm [line 2, column 1]
Thu Mar 17 11:41:40 PDT 2016  [error] Left side ($count) of '==' operation has null value. If a reference, it may not be in the context. Operation not possible. cssHorizontalMenu.vm [line 9, column 23]
Thu Mar 17 11:41:40 PDT 2016  [error] Right side ($currentMenu) of '==' operation has null value. If a reference, it may not be in the context. Operation not possible. cssHorizontalMenu.vm [line 14, column 27]
Thu Mar 17 11:41:40 PDT 2016  [error] Left side ($count) of '==' operation has null value. If a reference, it may not be in the context. Operation not possible. cssHorizontalMenu.vm [line 55, column 21]
Thu Mar 17 11:41:40 PDT 2016  [error] Left side ($count) of addition operation has null value. Operation not possible. cssHorizontalMenu.vm [line 2, column 28]
Thu Mar 17 11:41:40 PDT 2016  [error] RHS of #set statement is null. Context will not be modified. cssHorizontalMenu.vm [line 2, column 1]
Thu Mar 17 11:41:40 PDT 2016  [error] Left side ($count) of '==' operation has null value. If a reference, it may not be in the context. Operation not possible. cssHorizontalMenu.vm [line 9, column 23]
Thu Mar 17 11:41:40 PDT 2016  [error] Right side ($currentMenu) of '==' operation has null value. If a reference, it may not be in the context. Operation not possible. cssHorizontalMenu.vm [line 14, column 27]
Thu Mar 17 11:41:40 PDT 2016  [error] Left side ($count) of '==' operation has null value. If a reference, it may not be in the context. Operation not possible. cssHorizontalMenu.vm [line 55, column 21]
Thu Mar 17 11:41:40 PDT 2016  [error] Left side ($count) of addition operation has null value. Operation not possible. cssHorizontalMenu.vm [line 2, column 28]
Thu Mar 17 11:41:40 PDT 2016  [error] RHS of #set statement is null. Context will not be modified. cssHorizontalMenu.vm [line 2, column 1]
Thu Mar 17 11:41:40 PDT 2016  [error] Left side ($count) of '==' operation has null value. If a reference, it may not be in the context. Operation not possible. cssHorizontalMenu.vm [line 9, column 23]
Thu Mar 17 11:41:40 PDT 2016  [error] Right side ($currentMenu) of '==' operation has null value. If a reference, it may not be in the context. Operation not possible. cssHorizontalMenu.vm [line 14, column 27]
Thu Mar 17 11:41:40 PDT 2016  [error] Left side ($count) of '==' operation has null value. If a reference, it may not be in the context. Operation not possible. cssHorizontalMenu.vm [line 55, column 21]
Thu Mar 17 11:41:40 PDT 2016  [error] Left side ($count) of addition operation has null value. Operation not possible. cssHorizontalMenu.vm [line 2, column 28]
Thu Mar 17 11:41:40 PDT 2016  [error] RHS of #set statement is null. Context will not be modified. cssHorizontalMenu.vm [line 2, column 1]
Thu Mar 17 11:41:40 PDT 2016  [error] Left side ($count) of '==' operation has null value. If a reference, it may not be in the context. Operation not possible. cssHorizontalMenu.vm [line 9, column 23]
Thu Mar 17 11:41:40 PDT 2016  [error] Right side ($currentMenu) of '==' operation has null value. If a reference, it may not be in the context. Operation not possible. cssHorizontalMenu.vm [line 14, column 27]
Thu Mar 17 11:41:40 PDT 2016  [error] Left side ($count) of '==' operation has null value. If a reference, it may not be in the context. Operation not possible. cssHorizontalMenu.vm [line 55, column 21]
Thu Mar 17 11:41:40 PDT 2016  [error] Left side ($count) of addition operation has null value. Operation not possible. cssHorizontalMenu.vm [line 2, column 28]
Thu Mar 17 11:41:40 PDT 2016  [error] RHS of #set statement is null. Context will not be modified. cssHorizontalMenu.vm [line 2, column 1]
Thu Mar 17 11:41:40 PDT 2016  [error] Left side ($count) of '==' operation has null value. If a reference, it may not be in the context. Operation not possible. cssHorizontalMenu.vm [line 9, column 23]
Thu Mar 17 11:41:40 PDT 2016  [error] Right side ($currentMenu) of '==' operation has null value. If a reference, it may not be in the context. Operation not possible. cssHorizontalMenu.vm [line 14, column 27]
Thu Mar 17 11:41:40 PDT 2016  [error] Left side ($count) of '==' operation has null value. If a reference, it may not be in the context. Operation not possible. cssHorizontalMenu.vm [line 55, column 21]
Thu Mar 17 11:41:40 PDT 2016  [error] Left side ($count) of addition operation has null value. Operation not possible. cssHorizontalMenu.vm [line 2, column 28]
Thu Mar 17 11:41:40 PDT 2016  [error] RHS of #set statement is null. Context will not be modified. cssHorizontalMenu.vm [line 2, column 1]
Thu Mar 17 11:41:40 PDT 2016  [error] Left side ($count) of '==' operation has null value. If a reference, it may not be in the context. Operation not possible. cssHorizontalMenu.vm [line 9, column 23]
Thu Mar 17 11:41:40 PDT 2016  [error] Right side ($currentMenu) of '==' operation has null value. If a reference, it may not be in the context. Operation not possible. cssHorizontalMenu.vm [line 14, column 27]
Thu Mar 17 11:41:40 PDT 2016  [error] Left side ($count) of '==' operation has null value. If a reference, it may not be in the context. Operation not possible. cssHorizontalMenu.vm [line 55, column 21]
Thu Mar 17 11:41:43 PDT 2016  [error] Left side ($count) of addition operation has null value. Operation not possible. cssHorizontalMenu.vm [line 2, column 28]
Thu Mar 17 11:41:43 PDT 2016  [error] RHS of #set statement is null. Context will not be modified. cssHorizontalMenu.vm [line 2, column 1]
Thu Mar 17 11:41:43 PDT 2016  [error] Left side ($count) of '==' operation has null value. If a reference, it may not be in the context. Operation not possible. cssHorizontalMenu.vm [line 9, column 23]
Thu Mar 17 11:41:43 PDT 2016  [error] Right side ($currentMenu) of '==' operation has null value. If a reference, it may not be in the context. Operation not possible. cssHorizontalMenu.vm [line 14, column 27]
Thu Mar 17 11:41:43 PDT 2016  [error] Left side ($count) of '==' operation has null value. If a reference, it may not be in the context. Operation not possible. cssHorizontalMenu.vm [line 55, column 21]
Thu Mar 17 11:41:43 PDT 2016  [error] Left side ($count) of addition operation has null value. Operation not possible. cssHorizontalMenu.vm [line 2, column 28]
Thu Mar 17 11:41:43 PDT 2016  [error] RHS of #set statement is null. Context will not be modified. cssHorizontalMenu.vm [line 2, column 1]
Thu Mar 17 11:41:43 PDT 2016  [error] Left side ($count) of '==' operation has null value. If a reference, it may not be in the context. Operation not possible. cssHorizontalMenu.vm [line 9, column 23]
Thu Mar 17 11:41:43 PDT 2016  [error] Right side ($currentMenu) of '==' operation has null value. If a reference, it may not be in the context. Operation not possible. cssHorizontalMenu.vm [line 14, column 27]
Thu Mar 17 11:41:43 PDT 2016  [error] Left side ($count) of '==' operation has null value. If a reference, it may not be in the context. Operation not possible. cssHorizontalMenu.vm [line 55, column 21]
Thu Mar 17 11:41:43 PDT 2016  [error] Left side ($count) of addition operation has null value. Operation not possible. cssHorizontalMenu.vm [line 2, column 28]
Thu Mar 17 11:41:43 PDT 2016  [error] RHS of #set statement is null. Context will not be modified. cssHorizontalMenu.vm [line 2, column 1]
Thu Mar 17 11:41:43 PDT 2016  [error] Left side ($count) of '==' operation has null value. If a reference, it may not be in the context. Operation not possible. cssHorizontalMenu.vm [line 9, column 23]
Thu Mar 17 11:41:43 PDT 2016  [error] Right side ($currentMenu) of '==' operation has null value. If a reference, it may not be in the context. Operation not possible. cssHorizontalMenu.vm [line 14, column 27]
Thu Mar 17 11:41:43 PDT 2016  [error] Left side ($count) of '==' operation has null value. If a reference, it may not be in the context. Operation not possible. cssHorizontalMenu.vm [line 55, column 21]
Thu Mar 17 11:41:43 PDT 2016  [error] Left side ($count) of addition operation has null value. Operation not possible. cssHorizontalMenu.vm [line 2, column 28]
Thu Mar 17 11:41:43 PDT 2016  [error] RHS of #set statement is null. Context will not be modified. cssHorizontalMenu.vm [line 2, column 1]
Thu Mar 17 11:41:43 PDT 2016  [error] Left side ($count) of '==' operation has null value. If a reference, it may not be in the context. Operation not possible. cssHorizontalMenu.vm [line 9, column 23]
Thu Mar 17 11:41:43 PDT 2016  [error] Right side ($currentMenu) of '==' operation has null value. If a reference, it may not be in the context. Operation not possible. cssHorizontalMenu.vm [line 14, column 27]
Thu Mar 17 11:41:43 PDT 2016  [error] Left side ($count) of '==' operation has null value. If a reference, it may not be in the context. Operation not possible. cssHorizontalMenu.vm [line 55, column 21]
Thu Mar 17 11:41:43 PDT 2016  [error] Left side ($count) of addition operation has null value. Operation not possible. cssHorizontalMenu.vm [line 2, column 28]
Thu Mar 17 11:41:43 PDT 2016  [error] RHS of #set statement is null. Context will not be modified. cssHorizontalMenu.vm [line 2, column 1]
Thu Mar 17 11:41:43 PDT 2016  [error] Left side ($count) of '==' operation has null value. If a reference, it may not be in the context. Operation not possible. cssHorizontalMenu.vm [line 9, column 23]
Thu Mar 17 11:41:43 PDT 2016  [error] Right side ($currentMenu) of '==' operation has null value. If a reference, it may not be in the context. Operation not possible. cssHorizontalMenu.vm [line 14, column 27]
Thu Mar 17 11:41:43 PDT 2016  [error] Left side ($count) of '==' operation has null value. If a reference, it may not be in the context. Operation not possible. cssHorizontalMenu.vm [line 55, column 21]
Thu Mar 17 11:41:43 PDT 2016  [error] Left side ($count) of addition operation has null value. Operation not possible. cssHorizontalMenu.vm [line 2, column 28]
Thu Mar 17 11:41:43 PDT 2016  [error] RHS of #set statement is null. Context will not be modified. cssHorizontalMenu.vm [line 2, column 1]
Thu Mar 17 11:41:43 PDT 2016  [error] Left side ($count) of '==' operation has null value. If a reference, it may not be in the context. Operation not possible. cssHorizontalMenu.vm [line 9, column 23]
Thu Mar 17 11:41:43 PDT 2016  [error] Right side ($currentMenu) of '==' operation has null value. If a reference, it may not be in the context. Operation not possible. cssHorizontalMenu.vm [line 14, column 27]
Thu Mar 17 11:41:43 PDT 2016  [error] Left side ($count) of '==' operation has null value. If a reference, it may not be in the context. Operation not possible. cssHorizontalMenu.vm [line 55, column 21]
Thu Mar 17 11:41:43 PDT 2016  [error] Left side ($count) of addition operation has null value. Operation not possible. cssHorizontalMenu.vm [line 2, column 28]
Thu Mar 17 11:41:43 PDT 2016  [error] RHS of #set statement is null. Context will not be modified. cssHorizontalMenu.vm [line 2, column 1]
Thu Mar 17 11:41:43 PDT 2016  [error] Left side ($count) of '==' operation has null value. If a reference, it may not be in the context. Operation not possible. cssHorizontalMenu.vm [line 9, column 23]
Thu Mar 17 11:41:43 PDT 2016  [error] Right side ($currentMenu) of '==' operation has null value. If a reference, it may not be in the context. Operation not possible. cssHorizontalMenu.vm [line 14, column 27]
Thu Mar 17 11:41:43 PDT 2016  [error] Left side ($count) of '==' operation has null value. If a reference, it may not be in the context. Operation not possible. cssHorizontalMenu.vm [line 55, column 21]
Thu Mar 17 11:41:43 PDT 2016  [error] Left side ($count) of addition operation has null value. Operation not possible. cssHorizontalMenu.vm [line 2, column 28]
Thu Mar 17 11:41:43 PDT 2016  [error] RHS of #set statement is null. Context will not be modified. cssHorizontalMenu.vm [line 2, column 1]
Thu Mar 17 11:41:43 PDT 2016  [error] Left side ($count) of '==' operation has null value. If a reference, it may not be in the context. Operation not possible. cssHorizontalMenu.vm [line 9, column 23]
Thu Mar 17 11:41:43 PDT 2016  [error] Right side ($currentMenu) of '==' operation has null value. If a reference, it may not be in the context. Operation not possible. cssHorizontalMenu.vm [line 14, column 27]
Thu Mar 17 11:41:43 PDT 2016  [error] Left side ($count) of '==' operation has null value. If a reference, it may not be in the context. Operation not possible. cssHorizontalMenu.vm [line 55, column 21]
Thu Mar 17 11:42:01 PDT 2016  [error] Left side ($count) of addition operation has null value. Operation not possible. cssHorizontalMenu.vm [line 2, column 28]
Thu Mar 17 11:42:01 PDT 2016  [error] RHS of #set statement is null. Context will not be modified. cssHorizontalMenu.vm [line 2, column 1]
Thu Mar 17 11:42:01 PDT 2016  [error] Left side ($count) of '==' operation has null value. If a reference, it may not be in the context. Operation not possible. cssHorizontalMenu.vm [line 9, column 23]
Thu Mar 17 11:42:01 PDT 2016  [error] Right side ($currentMenu) of '==' operation has null value. If a reference, it may not be in the context. Operation not possible. cssHorizontalMenu.vm [line 14, column 27]
Thu Mar 17 11:42:01 PDT 2016  [error] Left side ($count) of '==' operation has null value. If a reference, it may not be in the context. Operation not possible. cssHorizontalMenu.vm [line 55, column 21]
Thu Mar 17 11:42:01 PDT 2016  [error] Left side ($count) of addition operation has null value. Operation not possible. cssHorizontalMenu.vm [line 2, column 28]
Thu Mar 17 11:42:01 PDT 2016  [error] RHS of #set statement is null. Context will not be modified. cssHorizontalMenu.vm [line 2, column 1]
Thu Mar 17 11:42:01 PDT 2016  [error] Left side ($count) of '==' operation has null value. If a reference, it may not be in the context. Operation not possible. cssHorizontalMenu.vm [line 9, column 23]
Thu Mar 17 11:42:01 PDT 2016  [error] Right side ($currentMenu) of '==' operation has null value. If a reference, it may not be in the context. Operation not possible. cssHorizontalMenu.vm [line 14, column 27]
Thu Mar 17 11:42:01 PDT 2016  [error] Left side ($count) of '==' operation has null value. If a reference, it may not be in the context. Operation not possible. cssHorizontalMenu.vm [line 55, column 21]
Thu Mar 17 11:42:01 PDT 2016  [error] Left side ($count) of addition operation has null value. Operation not possible. cssHorizontalMenu.vm [line 2, column 28]
Thu Mar 17 11:42:01 PDT 2016  [error] RHS of #set statement is null. Context will not be modified. cssHorizontalMenu.vm [line 2, column 1]
Thu Mar 17 11:42:01 PDT 2016  [error] Left side ($count) of '==' operation has null value. If a reference, it may not be in the context. Operation not possible. cssHorizontalMenu.vm [line 9, column 23]
Thu Mar 17 11:42:01 PDT 2016  [error] Right side ($currentMenu) of '==' operation has null value. If a reference, it may not be in the context. Operation not possible. cssHorizontalMenu.vm [line 14, column 27]
Thu Mar 17 11:42:01 PDT 2016  [error] Left side ($count) of '==' operation has null value. If a reference, it may not be in the context. Operation not possible. cssHorizontalMenu.vm [line 55, column 21]
Thu Mar 17 11:42:01 PDT 2016  [error] Left side ($count) of addition operation has null value. Operation not possible. cssHorizontalMenu.vm [line 2, column 28]
Thu Mar 17 11:42:01 PDT 2016  [error] RHS of #set statement is null. Context will not be modified. cssHorizontalMenu.vm [line 2, column 1]
Thu Mar 17 11:42:01 PDT 2016  [error] Left side ($count) of '==' operation has null value. If a reference, it may not be in the context. Operation not possible. cssHorizontalMenu.vm [line 9, column 23]
Thu Mar 17 11:42:01 PDT 2016  [error] Right side ($currentMenu) of '==' operation has null value. If a reference, it may not be in the context. Operation not possible. cssHorizontalMenu.vm [line 14, column 27]
Thu Mar 17 11:42:01 PDT 2016  [error] Left side ($count) of '==' operation has null value. If a reference, it may not be in the context. Operation not possible. cssHorizontalMenu.vm [line 55, column 21]
Thu Mar 17 11:42:01 PDT 2016  [error] Left side ($count) of addition operation has null value. Operation not possible. cssHorizontalMenu.vm [line 2, column 28]
Thu Mar 17 11:42:01 PDT 2016  [error] RHS of #set statement is null. Context will not be modified. cssHorizontalMenu.vm [line 2, column 1]
Thu Mar 17 11:42:01 PDT 2016  [error] Left side ($count) of '==' operation has null value. If a reference, it may not be in the context. Operation not possible. cssHorizontalMenu.vm [line 9, column 23]
Thu Mar 17 11:42:01 PDT 2016  [error] Right side ($currentMenu) of '==' operation has null value. If a reference, it may not be in the context. Operation not possible. cssHorizontalMenu.vm [line 14, column 27]
Thu Mar 17 11:42:01 PDT 2016  [error] Left side ($count) of '==' operation has null value. If a reference, it may not be in the context. Operation not possible. cssHorizontalMenu.vm [line 55, column 21]
Thu Mar 17 11:42:01 PDT 2016  [error] Left side ($count) of addition operation has null value. Operation not possible. cssHorizontalMenu.vm [line 2, column 28]
Thu Mar 17 11:42:01 PDT 2016  [error] RHS of #set statement is null. Context will not be modified. cssHorizontalMenu.vm [line 2, column 1]
Thu Mar 17 11:42:01 PDT 2016  [error] Left side ($count) of '==' operation has null value. If a reference, it may not be in the context. Operation not possible. cssHorizontalMenu.vm [line 9, column 23]
Thu Mar 17 11:42:01 PDT 2016  [error] Right side ($currentMenu) of '==' operation has null value. If a reference, it may not be in the context. Operation not possible. cssHorizontalMenu.vm [line 14, column 27]
Thu Mar 17 11:42:01 PDT 2016  [error] Left side ($count) of '==' operation has null value. If a reference, it may not be in the context. Operation not possible. cssHorizontalMenu.vm [line 55, column 21]
Thu Mar 17 11:42:01 PDT 2016  [error] Left side ($count) of addition operation has null value. Operation not possible. cssHorizontalMenu.vm [line 2, column 28]
Thu Mar 17 11:42:01 PDT 2016  [error] RHS of #set statement is null. Context will not be modified. cssHorizontalMenu.vm [line 2, column 1]
Thu Mar 17 11:42:01 PDT 2016  [error] Left side ($count) of '==' operation has null value. If a reference, it may not be in the context. Operation not possible. cssHorizontalMenu.vm [line 9, column 23]
Thu Mar 17 11:42:01 PDT 2016  [error] Right side ($currentMenu) of '==' operation has null value. If a reference, it may not be in the context. Operation not possible. cssHorizontalMenu.vm [line 14, column 27]
Thu Mar 17 11:42:01 PDT 2016  [error] Left side ($count) of '==' operation has null value. If a reference, it may not be in the context. Operation not possible. cssHorizontalMenu.vm [line 55, column 21]
Thu Mar 17 11:42:01 PDT 2016  [error] Left side ($count) of addition operation has null value. Operation not possible. cssHorizontalMenu.vm [line 2, column 28]
Thu Mar 17 11:42:01 PDT 2016  [error] RHS of #set statement is null. Context will not be modified. cssHorizontalMenu.vm [line 2, column 1]
Thu Mar 17 11:42:01 PDT 2016  [error] Left side ($count) of '==' operation has null value. If a reference, it may not be in the context. Operation not possible. cssHorizontalMenu.vm [line 9, column 23]
Thu Mar 17 11:42:01 PDT 2016  [error] Right side ($currentMenu) of '==' operation has null value. If a reference, it may not be in the context. Operation not possible. cssHorizontalMenu.vm [line 14, column 27]
Thu Mar 17 11:42:01 PDT 2016  [error] Left side ($count) of '==' operation has null value. If a reference, it may not be in the context. Operation not possible. cssHorizontalMenu.vm [line 55, column 21]
Thu Mar 17 11:42:08 PDT 2016  [error] Left side ($count) of addition operation has null value. Operation not possible. cssHorizontalMenu.vm [line 2, column 28]
Thu Mar 17 11:42:08 PDT 2016  [error] RHS of #set statement is null. Context will not be modified. cssHorizontalMenu.vm [line 2, column 1]
Thu Mar 17 11:42:08 PDT 2016  [error] Left side ($count) of '==' operation has null value. If a reference, it may not be in the context. Operation not possible. cssHorizontalMenu.vm [line 9, column 23]
Thu Mar 17 11:42:08 PDT 2016  [error] Right side ($currentMenu) of '==' operation has null value. If a reference, it may not be in the context. Operation not possible. cssHorizontalMenu.vm [line 14, column 27]
Thu Mar 17 11:42:08 PDT 2016  [error] Left side ($count) of '==' operation has null value. If a reference, it may not be in the context. Operation not possible. cssHorizontalMenu.vm [line 55, column 21]
Thu Mar 17 11:42:08 PDT 2016  [error] Left side ($count) of addition operation has null value. Operation not possible. cssHorizontalMenu.vm [line 2, column 28]
Thu Mar 17 11:42:08 PDT 2016  [error] RHS of #set statement is null. Context will not be modified. cssHorizontalMenu.vm [line 2, column 1]
Thu Mar 17 11:42:08 PDT 2016  [error] Left side ($count) of '==' operation has null value. If a reference, it may not be in the context. Operation not possible. cssHorizontalMenu.vm [line 9, column 23]
Thu Mar 17 11:42:08 PDT 2016  [error] Right side ($currentMenu) of '==' operation has null value. If a reference, it may not be in the context. Operation not possible. cssHorizontalMenu.vm [line 14, column 27]
Thu Mar 17 11:42:08 PDT 2016  [error] Left side ($count) of '==' operation has null value. If a reference, it may not be in the context. Operation not possible. cssHorizontalMenu.vm [line 55, column 21]
Thu Mar 17 11:42:08 PDT 2016  [error] Left side ($count) of addition operation has null value. Operation not possible. cssHorizontalMenu.vm [line 2, column 28]
Thu Mar 17 11:42:08 PDT 2016  [error] RHS of #set statement is null. Context will not be modified. cssHorizontalMenu.vm [line 2, column 1]
Thu Mar 17 11:42:08 PDT 2016  [error] Left side ($count) of '==' operation has null value. If a reference, it may not be in the context. Operation not possible. cssHorizontalMenu.vm [line 9, column 23]
Thu Mar 17 11:42:08 PDT 2016  [error] Right side ($currentMenu) of '==' operation has null value. If a reference, it may not be in the context. Operation not possible. cssHorizontalMenu.vm [line 14, column 27]
Thu Mar 17 11:42:08 PDT 2016  [error] Left side ($count) of '==' operation has null value. If a reference, it may not be in the context. Operation not possible. cssHorizontalMenu.vm [line 55, column 21]
Thu Mar 17 11:42:08 PDT 2016  [error] Left side ($count) of addition operation has null value. Operation not possible. cssHorizontalMenu.vm [line 2, column 28]
Thu Mar 17 11:42:08 PDT 2016  [error] RHS of #set statement is null. Context will not be modified. cssHorizontalMenu.vm [line 2, column 1]
Thu Mar 17 11:42:08 PDT 2016  [error] Left side ($count) of '==' operation has null value. If a reference, it may not be in the context. Operation not possible. cssHorizontalMenu.vm [line 9, column 23]
Thu Mar 17 11:42:08 PDT 2016  [error] Right side ($currentMenu) of '==' operation has null value. If a reference, it may not be in the context. Operation not possible. cssHorizontalMenu.vm [line 14, column 27]
Thu Mar 17 11:42:08 PDT 2016  [error] Left side ($count) of '==' operation has null value. If a reference, it may not be in the context. Operation not possible. cssHorizontalMenu.vm [line 55, column 21]
Thu Mar 17 11:42:08 PDT 2016  [error] Left side ($count) of addition operation has null value. Operation not possible. cssHorizontalMenu.vm [line 2, column 28]
Thu Mar 17 11:42:08 PDT 2016  [error] RHS of #set statement is null. Context will not be modified. cssHorizontalMenu.vm [line 2, column 1]
Thu Mar 17 11:42:08 PDT 2016  [error] Left side ($count) of '==' operation has null value. If a reference, it may not be in the context. Operation not possible. cssHorizontalMenu.vm [line 9, column 23]
Thu Mar 17 11:42:08 PDT 2016  [error] Right side ($currentMenu) of '==' operation has null value. If a reference, it may not be in the context. Operation not possible. cssHorizontalMenu.vm [line 14, column 27]
Thu Mar 17 11:42:08 PDT 2016  [error] Left side ($count) of '==' operation has null value. If a reference, it may not be in the context. Operation not possible. cssHorizontalMenu.vm [line 55, column 21]
Thu Mar 17 11:42:08 PDT 2016  [error] Left side ($count) of addition operation has null value. Operation not possible. cssHorizontalMenu.vm [line 2, column 28]
Thu Mar 17 11:42:08 PDT 2016  [error] RHS of #set statement is null. Context will not be modified. cssHorizontalMenu.vm [line 2, column 1]
Thu Mar 17 11:42:08 PDT 2016  [error] Left side ($count) of '==' operation has null value. If a reference, it may not be in the context. Operation not possible. cssHorizontalMenu.vm [line 9, column 23]
Thu Mar 17 11:42:08 PDT 2016  [error] Right side ($currentMenu) of '==' operation has null value. If a reference, it may not be in the context. Operation not possible. cssHorizontalMenu.vm [line 14, column 27]
Thu Mar 17 11:42:08 PDT 2016  [error] Left side ($count) of '==' operation has null value. If a reference, it may not be in the context. Operation not possible. cssHorizontalMenu.vm [line 55, column 21]
Thu Mar 17 11:42:08 PDT 2016  [error] Left side ($count) of addition operation has null value. Operation not possible. cssHorizontalMenu.vm [line 2, column 28]
Thu Mar 17 11:42:08 PDT 2016  [error] RHS of #set statement is null. Context will not be modified. cssHorizontalMenu.vm [line 2, column 1]
Thu Mar 17 11:42:08 PDT 2016  [error] Left side ($count) of '==' operation has null value. If a reference, it may not be in the context. Operation not possible. cssHorizontalMenu.vm [line 9, column 23]
Thu Mar 17 11:42:08 PDT 2016  [error] Right side ($currentMenu) of '==' operation has null value. If a reference, it may not be in the context. Operation not possible. cssHorizontalMenu.vm [line 14, column 27]
Thu Mar 17 11:42:08 PDT 2016  [error] Left side ($count) of '==' operation has null value. If a reference, it may not be in the context. Operation not possible. cssHorizontalMenu.vm [line 55, column 21]
Thu Mar 17 11:42:08 PDT 2016  [error] Left side ($count) of addition operation has null value. Operation not possible. cssHorizontalMenu.vm [line 2, column 28]
Thu Mar 17 11:42:08 PDT 2016  [error] RHS of #set statement is null. Context will not be modified. cssHorizontalMenu.vm [line 2, column 1]
Thu Mar 17 11:42:08 PDT 2016  [error] Left side ($count) of '==' operation has null value. If a reference, it may not be in the context. Operation not possible. cssHorizontalMenu.vm [line 9, column 23]
Thu Mar 17 11:42:08 PDT 2016  [error] Right side ($currentMenu) of '==' operation has null value. If a reference, it may not be in the context. Operation not possible. cssHorizontalMenu.vm [line 14, column 27]
Thu Mar 17 11:42:08 PDT 2016  [error] Left side ($count) of '==' operation has null value. If a reference, it may not be in the context. Operation not possible. cssHorizontalMenu.vm [line 55, column 21]
